0 info it worked if it ends with ok
1 verbose cli [ '/home/connorgm/.nvm/versions/node/v6.14.4/bin/node',
1 verbose cli   '/home/connorgm/.nvm/versions/node/v6.14.4/bin/npm',
1 verbose cli   'run',
1 verbose cli   'dev' ]
2 info using npm@3.10.10
3 info using node@v6.14.4
4 verbose run-script [ 'predev', 'dev', 'postdev' ]
5 info lifecycle @~predev: @
6 silly lifecycle @~predev: no script for predev, continuing
7 info lifecycle @~dev: @
8 verbose lifecycle @~dev: unsafe-perm in lifecycle true
9 verbose lifecycle @~dev: PATH: /home/connorgm/.nvm/versions/node/v6.14.4/lib/node_modules/npm/bin/node-gyp-bin:/home/connorgm/Desktop/uni/Interaction Design/procjournal/frontend/node_modules/.bin:/home/connorgm/.local/bin:/home/connorgm/.nvm/versions/node/v6.14.4/bin:/home/connorgm/.local/bin:/usr/local/sbin:/usr/local/bin:/usr/sbin:/usr/bin:/sbin:/bin:/usr/games:/usr/local/games
10 verbose lifecycle @~dev: CWD: /home/connorgm/Desktop/uni/Interaction Design/procjournal/frontend
11 silly lifecycle @~dev: Args: [ '-c', 'next' ]
12 silly lifecycle @~dev: Returned: code: 1  signal: null
13 info lifecycle @~dev: Failed to exec dev script
14 verbose stack Error: @ dev: `next`
14 verbose stack Exit status 1
14 verbose stack     at EventEmitter.<anonymous> (/home/connorgm/.nvm/versions/node/v6.14.4/lib/node_modules/npm/lib/utils/lifecycle.js:255:16)
14 verbose stack     at emitTwo (events.js:106:13)
14 verbose stack     at EventEmitter.emit (events.js:191:7)
14 verbose stack     at ChildProcess.<anonymous> (/home/connorgm/.nvm/versions/node/v6.14.4/lib/node_modules/npm/lib/utils/spawn.js:40:14)
14 verbose stack     at emitTwo (events.js:106:13)
14 verbose stack     at ChildProcess.emit (events.js:191:7)
14 verbose stack     at maybeClose (internal/child_process.js:920:16)
14 verbose stack     at Process.ChildProcess._handle.onexit (internal/child_process.js:230:5)
15 verbose pkgid @
16 verbose cwd /home/connorgm/Desktop/uni/Interaction Design/procjournal/frontend
17 error Linux 4.15.0-20-generic
18 error argv "/home/connorgm/.nvm/versions/node/v6.14.4/bin/node" "/home/connorgm/.nvm/versions/node/v6.14.4/bin/npm" "run" "dev"
19 error node v6.14.4
20 error npm  v3.10.10
21 error code ELIFECYCLE
22 error @ dev: `next`
22 error Exit status 1
23 error Failed at the @ dev script 'next'.
23 error Make sure you have the latest version of node.js and npm installed.
23 error If you do, this is most likely a problem with the  package,
23 error not with npm itself.
23 error Tell the author that this fails on your system:
23 error     next
23 error You can get information on how to open an issue for this project with:
23 error     npm bugs
23 error Or if that isn't available, you can get their info via:
23 error     npm owner ls
23 error There is likely additional logging output above.
24 verbose exit [ 1, true ]
